Copyright 1986-2018 Xilinx, Inc. All Rights Reserved.
------------------------------------------------------------------------------------
| Tool Version : Vivado v.2018.2 (win64) Build 2258646 Thu Jun 14 20:03:12 MDT 2018
| Date         : Fri Mar 31 10:12:21 2023
| Host         : LAPTOP-Q1M8P6CH running 64-bit major release  (build 9200)
| Command      : report_control_sets -verbose -file main_control_sets_placed.rpt
| Design       : main
| Device       : xc7a35t
------------------------------------------------------------------------------------

Control Set Information

Table of Contents
-----------------
1. Summary
2. Histogram
3. Flip-Flop Distribution
4. Detailed Control Set Information

1. Summary
----------

+----------------------------------------------------------+-------+
|                          Status                          | Count |
+----------------------------------------------------------+-------+
| Number of unique control sets                            |    38 |
| Unused register locations in slices containing registers |    90 |
+----------------------------------------------------------+-------+


2. Histogram
------------

+--------+--------------+
| Fanout | Control Sets |
+--------+--------------+
|      2 |            2 |
|      6 |            1 |
|      8 |            3 |
|     14 |            2 |
|    16+ |           30 |
+--------+--------------+


3. Flip-Flop Distribution
-------------------------

+--------------+-----------------------+------------------------+-----------------+--------------+
| Clock Enable | Synchronous Set/Reset | Asynchronous Set/Reset | Total Registers | Total Slices |
+--------------+-----------------------+------------------------+-----------------+--------------+
| No           | No                    | No                     |             710 |          149 |
| No           | No                    | Yes                    |               0 |            0 |
| No           | Yes                   | No                     |             684 |           95 |
| Yes          | No                    | No                     |             222 |           45 |
| Yes          | No                    | Yes                    |               0 |            0 |
| Yes          | Yes                   | No                     |             166 |           25 |
+--------------+-----------------------+------------------------+-----------------+--------------+


4. Detailed Control Set Information
-----------------------------------

+------------------------------+---------------------------------------------------+---------------------------------------------------+------------------+----------------+
|         Clock Signal         |                   Enable Signal                   |                  Set/Reset Signal                 | Slice Load Count | Bel Load Count |
+------------------------------+---------------------------------------------------+---------------------------------------------------+------------------+----------------+
|  clk50M                      |                                                   |                                                   |                1 |              2 |
| ~clk6p25m_BUFG               |                                                   |                                                   |                1 |              2 |
|  JA_OBUF_BUFG[3]             | audio_output/FSM_onehot_current_state[3]_i_1_n_0  |                                                   |                1 |              6 |
|  JA_OBUF_BUFG[3]             | audio_output/temp2                                |                                                   |                1 |              8 |
|  clk_IBUF_BUFG               | u1/Inst_Ps2Interface/shift_frame                  | u1/Inst_Ps2Interface/reset_bit_count              |                1 |              8 |
|  clk_IBUF_BUFG               |                                                   | COUNT[3]_i_1_n_0                                  |                1 |              8 |
|  clk_IBUF_BUFG               | u1/Inst_Ps2Interface/delay_63clk_count[6]_i_2_n_0 | u1/Inst_Ps2Interface/delay_63clk_count[6]_i_1_n_0 |                3 |             14 |
|  dut2/my_clk                 |                                                   | state_val[3]                                      |                2 |             14 |
|  JA_OBUF_BUFG[3]             | audio_output/FSM_onehot_current_state_reg_n_0_[1] |                                                   |                2 |             16 |
|  clk_IBUF_BUFG               | u1/Inst_Ps2Interface/load_rx_data                 |                                                   |                2 |             16 |
|  clk_IBUF_BUFG               | u1/write_data                                     |                                                   |                2 |             16 |
|  clk_IBUF_BUFG               | FSM_sequential_playingNote[4]_i_1_n_0             |                                                   |                7 |             18 |
|  clk_IBUF_BUFG               | u1/Inst_Ps2Interface/frame[9]_i_1_n_0             |                                                   |                2 |             20 |
|  dut2/my_clk                 |                                                   |                                                   |                3 |             20 |
|  clk_IBUF_BUFG               | u1/Inst_Ps2Interface/delay_20us_count[10]_i_2_n_0 | u1/Inst_Ps2Interface/delay_20us_count[10]_i_1_n_0 |                4 |             22 |
|  clk50khz_BUFG               | peak_value_freq_reg[11]_i_2_n_2                   | audioInput/SR[0]                                  |                3 |             24 |
|  clk_IBUF_BUFG               |                                                   | dut1/CLK                                          |                3 |             24 |
| ~audioInput/J_MIC3_Pin4_OBUF |                                                   |                                                   |                4 |             24 |
|  clk_IBUF_BUFG               | func/E[0]                                         |                                                   |               13 |             26 |
|  clk_IBUF_BUFG               | u1/Inst_Ps2Interface/delay_100us_count[0]_i_2_n_0 | u1/Inst_Ps2Interface/clear                        |                4 |             28 |
|  clk50khz_BUFG               | freq_input/last_frequency1_i_1_n_0                | freq_input/crosses                                |                4 |             32 |
|  dut1/CLK                    |                                                   |                                                   |                5 |             32 |
|  JA_OBUF_BUFG[3]             | audio_output/FSM_onehot_current_state_reg_n_0_[1] | audio_output/FSM_onehot_current_state_reg_n_0_[0] |                6 |             38 |
| ~clk6p25m_BUFG               | func/delay[0]_i_1_n_0                             |                                                   |                5 |             40 |
| ~clk6p25m_BUFG               |                                                   | func/frame_counter[16]_i_1_n_0                    |                7 |             44 |
|  clk50khz_BUFG               |                                                   |                                                   |                8 |             44 |
|  clk_IBUF_BUFG               |                                                   | u1/reset_timeout_cnt_reg_n_0                      |                5 |             48 |
|  clk_IBUF_BUFG               |                                                   | clear                                             |                7 |             52 |
|  clk_IBUF_BUFG               |                                                   | clk50Mcount[0]_i_1_n_0                            |                7 |             52 |
|  clk_IBUF_BUFG               |                                                   | clkCustomCount_reg[0]_i_1_n_3                     |                7 |             52 |
|  clk_IBUF_BUFG               |                                                   | u1/reset_periodic_check_cnt__0                    |                6 |             52 |
|  clk50khz_BUFG               |                                                   | freq_input/sample_count[31]_i_1_n_0               |                8 |             62 |
|  clk_IBUF_BUFG               |                                                   | dut2/count[31]_i_1_n_0                            |                8 |             62 |
|  clk_IBUF_BUFG               |                                                   | dut1/count[31]_i_1__0_n_0                         |                8 |             62 |
|  clk_IBUF_BUFG               |                                                   | dut4/count[31]_i_1__1_n_0                         |                8 |             62 |
| ~clk6p25m_BUFG               | func/state                                        |                                                   |               11 |             64 |
| ~clk6p25m_BUFG               |                                                   | func/spi_word[39]_i_1_n_0                         |               18 |             90 |
|  clk_IBUF_BUFG               |                                                   |                                                   |              127 |            586 |
+------------------------------+---------------------------------------------------+---------------------------------------------------+------------------+----------------+


